Build started 09/09/2016 12:05:19 AM.
     1>Project "C:\Users\shiftay-PC\Desktop\txtRpg-907\textRPG-906\textbasedRPG.vcxproj" on node 2 (Build target(s)).
     1>ClCompile:
         D:\Program Files (x86)\Microsoft Visual Studio 12.0\VC\bin\CL.exe /c /ZI /nologo /W3 /WX- /Od /Oy- /D WIN32 /D _DEBUG /D _CONSOLE /D _UNICODE /D UNICODE /Gm /EHsc /RTC1 /MDd /GS /fp:precise /Zc:wchar_t /Zc:forScope /Fo"Debug\\" /Fd"Debug\vc120.pdb" /Gd /TP /analyze- /errorReport:prompt GameWorld.cpp creator.cpp
         creator.cpp
     1>c:\users\shiftay-pc\desktop\txtrpg-907\textrpg-906\stringutil.h(29): warning C4018: '<' : signed/unsigned mismatch
     1>c:\users\shiftay-pc\desktop\txtrpg-907\textrpg-906\stringutil.h(76): warning C4018: '<' : signed/unsigned mismatch
     1>c:\users\shiftay-pc\desktop\txtrpg-907\textrpg-906\creator.cpp(242): warning C4244: 'argument' : conversion from 'time_t' to 'unsigned int', possible loss of data
         GameWorld.cpp
     1>c:\users\shiftay-pc\desktop\txtrpg-907\textrpg-906\stringutil.h(29): warning C4018: '<' : signed/unsigned mismatch
     1>c:\users\shiftay-pc\desktop\txtrpg-907\textrpg-906\stringutil.h(76): warning C4018: '<' : signed/unsigned mismatch
     1>c:\users\shiftay-pc\desktop\txtrpg-907\textrpg-906\gameworld.cpp(109): warning C4018: '<' : signed/unsigned mismatch
     1>c:\users\shiftay-pc\desktop\txtrpg-907\textrpg-906\gameworld.cpp(137): warning C4018: '<' : signed/unsigned mismatch
     1>c:\users\shiftay-pc\desktop\txtrpg-907\textrpg-906\gameworld.cpp(147): warning C4018: '<' : signed/unsigned mismatch
     1>c:\users\shiftay-pc\desktop\txtrpg-907\textrpg-906\gameworld.cpp(161): warning C4018: '<' : signed/unsigned mismatch
     1>c:\users\shiftay-pc\desktop\txtrpg-907\textrpg-906\gameworld.cpp(166): warning C4018: '<' : signed/unsigned mismatch
     1>c:\users\shiftay-pc\desktop\txtrpg-907\textrpg-906\gameworld.cpp(178): warning C4018: '<' : signed/unsigned mismatch
     1>c:\users\shiftay-pc\desktop\txtrpg-907\textrpg-906\gameworld.cpp(191): warning C4018: '<' : signed/unsigned mismatch
     1>c:\users\shiftay-pc\desktop\txtrpg-907\textrpg-906\gameworld.cpp(269): warning C4018: '<' : signed/unsigned mismatch
     1>c:\users\shiftay-pc\desktop\txtrpg-907\textrpg-906\gameworld.cpp(434): warning C4018: '<' : signed/unsigned mismatch
     1>c:\users\shiftay-pc\desktop\txtrpg-907\textrpg-906\gameworld.cpp(448): warning C4018: '<' : signed/unsigned mismatch
     1>c:\users\shiftay-pc\desktop\txtrpg-907\textrpg-906\gameworld.cpp(455): warning C4018: '<' : signed/unsigned mismatch
     1>c:\users\shiftay-pc\desktop\txtrpg-907\textrpg-906\gameworld.cpp(478): warning C4018: '<' : signed/unsigned mismatch
     1>c:\users\shiftay-pc\desktop\txtrpg-907\textrpg-906\gameworld.cpp(491): warning C4018: '<' : signed/unsigned mismatch
     1>c:\users\shiftay-pc\desktop\txtrpg-907\textrpg-906\gameworld.cpp(772): warning C4244: 'argument' : conversion from 'time_t' to 'unsigned int', possible loss of data
         Generating Code...
     1>c:\users\shiftay-pc\desktop\txtrpg-907\textrpg-906\creator.cpp(377): warning C4715: 'Creator::howMany' : not all control paths return a value
       Link:
         D:\Program Files (x86)\Microsoft Visual Studio 12.0\VC\bin\link.exe /ERRORREPORT:PROMPT /OUT:"C:\Users\shiftay-PC\Desktop\txtRpg-907\textRPG-906\Debug\textbasedRPG.exe" /INCREMENTAL /NOLOGO kernel32.lib user32.lib gdi32.lib winspool.lib comdlg32.lib advapi32.lib shell32.lib ole32.lib oleaut32.lib uuid.lib odbc32.lib odbccp32.lib /MANIFEST /MANIFESTUAC:"level='asInvoker' uiAccess='false'" /manifest:embed /DEBUG /PDB:"C:\Users\shiftay-PC\Desktop\txtRpg-907\textRPG-906\Debug\textbasedRPG.pdb" /SUBSYSTEM:CONSOLE /TLBID:1 /DYNAMICBASE /NXCOMPAT /IMPLIB:"C:\Users\shiftay-PC\Desktop\txtRpg-907\textRPG-906\Debug\textbasedRPG.lib" /MACHINE:X86 Debug\armor.obj
         Debug\creator.obj
         Debug\Enemy.obj
         Debug\GameWorld.obj
         Debug\Inventory.obj
         Debug\main.obj
         Debug\Player.obj
         Debug\Potion.obj
         Debug\Weapon.obj
         textbasedRPG.vcxproj -> C:\Users\shiftay-PC\Desktop\txtRpg-907\textRPG-906\Debug\textbasedRPG.exe
     1>Done Building Project "C:\Users\shiftay-PC\Desktop\txtRpg-907\textRPG-906\textbasedRPG.vcxproj" (Build target(s)).

Build succeeded.

Time Elapsed 00:00:01.84
